<?xml version="1.0" encoding="UTF-8" ?>
<testsuite failures="0" time="0.46" errors="1" skipped="0" tests="3" name="uk.me.hendy.hendyservice.test.TestRepository">
  <properties>
[...]
</properties>
  <testcase time="0.04" classname="uk.me.hendy.hendyservice.test.TestRepository" name="test"/>
  <testcase time="0.29" classname="uk.me.hendy.hendyservice.test.TestRepository" name="test3"/>
  <testcase time="0.12" classname="uk.me.hendy.hendyservice.test.TestRepository" name="testinsert">
    <error message="could not execute statement; SQL [n/a]; constraint [null]; nested exception is org.hibernate.exception.ConstraintViolationException: could not execute statement" type="org.springframework.dao.DataIntegrityViolationException">org.springframework.dao.DataIntegrityViolationException: could not execute statement; SQL [n/a]; constraint [null]; nested exception is org.hibernate.exception.ConstraintViolationException: could not execute statement
	at org.springframework.orm.jpa.vendor.HibernateJpaDialect.convertHibernateAccessException(HibernateJpaDialect.java:189)
	at org.springframework.orm.jpa.vendor.HibernateJpaDialect.translateExceptionIfPossible(HibernateJpaDialect.java:155)
	at org.springframework.orm.jpa.JpaTransactionManager.doCommit(JpaTransactionManager.java:519)
	at org.springframework.transaction.support.AbstractPlatformTransactionManager.processCommit(AbstractPlatformTransactionManager.java:757)
	at org.springframework.transaction.support.AbstractPlatformTransactionManager.commit(AbstractPlatformTransactionManager.java:726)
	at org.springframework.transaction.interceptor.TransactionAspectSupport.commitTransactionAfterReturning(TransactionAspectSupport.java:478)
	at org.springframework.transaction.interceptor.TransactionAspectSupport.invokeWithinTransaction(TransactionAspectSupport.java:272)
	at org.springframework.transaction.interceptor.TransactionInterceptor.invoke(TransactionInterceptor.java:95)
	at org.springframework.aop.framework.ReflectiveMethodInvocation.proceed(ReflectiveMethodInvocation.java:179)
	at org.springframework.aop.framework.JdkDynamicAopProxy.invoke(JdkDynamicAopProxy.java:207)
	at com.sun.proxy.$Proxy36.insertMenu(Unknown Source)
	at uk.me.hendy.hendyservice.test.TestRepository.testinsert(TestRepository.java:39)
	at sun.reflect.NativeMethodAccessorImpl.invoke0(Native Method)
	at sun.reflect.NativeMethodAccessorImpl.invoke(NativeMethodAccessorImpl.java:57)
	at sun.reflect.DelegatingMethodAccessorImpl.invoke(DelegatingMethodAccessorImpl.java:43)
	at java.lang.reflect.Method.invoke(Method.java:606)
	at org.junit.runners.model.FrameworkMethod$1.runReflectiveCall(FrameworkMethod.java:44)
	at org.junit.internal.runners.model.ReflectiveCallable.run(ReflectiveCallable.java:15)
	at org.junit.runners.model.FrameworkMethod.invokeExplosively(FrameworkMethod.java:41)
	at org.junit.internal.runners.statements.InvokeMethod.evaluate(InvokeMethod.java:20)
	at org.springframework.test.context.junit4.statements.RunBeforeTestMethodCallbacks.evaluate(RunBeforeTestMethodCallbacks.java:74)
	at org.springframework.test.context.junit4.statements.RunAfterTestMethodCallbacks.evaluate(RunAfterTestMethodCallbacks.java:83)
	at org.springframework.test.context.junit4.statements.SpringRepeat.evaluate(SpringRepeat.java:72)
	at org.springframework.test.context.junit4.SpringJUnit4ClassRunner.runChild(SpringJUnit4ClassRunner.java:233)
	at org.springframework.test.context.junit4.SpringJUnit4ClassRunner.runChild(SpringJUnit4ClassRunner.java:87)
	at org.junit.runners.ParentRunner$3.run(ParentRunner.java:193)
	at org.junit.runners.ParentRunner$1.schedule(ParentRunner.java:52)
	at org.junit.runners.ParentRunner.runChildren(ParentRunner.java:191)
	at org.junit.runners.ParentRunner.access$000(ParentRunner.java:42)
	at org.junit.runners.ParentRunner$2.evaluate(ParentRunner.java:184)
	at org.springframework.test.context.junit4.statements.RunBeforeTestClassCallbacks.evaluate(RunBeforeTestClassCallbacks.java:61)
	at org.springframework.test.context.junit4.statements.RunAfterTestClassCallbacks.evaluate(RunAfterTestClassCallbacks.java:71)
	at org.junit.runners.ParentRunner.run(ParentRunner.java:236)
	at org.springframework.test.context.junit4.SpringJUnit4ClassRunner.run(SpringJUnit4ClassRunner.java:176)
	at org.apache.maven.surefire.junit4.JUnit4TestSet.execute(JUnit4TestSet.java:53)
	at org.apache.maven.surefire.junit4.JUnit4Provider.executeTestSet(JUnit4Provider.java:123)
	at org.apache.maven.surefire.junit4.JUnit4Provider.invoke(JUnit4Provider.java:104)
	at sun.reflect.NativeMethodAccessorImpl.invoke0(Native Method)
	at sun.reflect.NativeMethodAccessorImpl.invoke(NativeMethodAccessorImpl.java:57)
	at sun.reflect.DelegatingMethodAccessorImpl.invoke(DelegatingMethodAccessorImpl.java:43)
	at java.lang.reflect.Method.invoke(Method.java:606)
	at org.apache.maven.surefire.util.ReflectionUtils.invokeMethodWithArray(ReflectionUtils.java:164)
	at org.apache.maven.surefire.booter.ProviderFactory$ProviderProxy.invoke(ProviderFactory.java:110)
	at org.apache.maven.surefire.booter.SurefireStarter.invokeProvider(SurefireStarter.java:175)
	at org.apache.maven.surefire.booter.SurefireStarter.runSuitesInProcessWhenForked(SurefireStarter.java:107)
	at org.apache.maven.surefire.booter.ForkedBooter.main(ForkedBooter.java:68)
Caused by: org.hibernate.exception.ConstraintViolationException: could not execute statement
	at org.hibernate.exception.internal.SQLExceptionTypeDelegate.convert(SQLExceptionTypeDelegate.java:72)
	at org.hibernate.exception.internal.StandardSQLExceptionConverter.convert(StandardSQLExceptionConverter.java:49)
	at org.hibernate.engine.jdbc.spi.SqlExceptionHelper.convert(SqlExceptionHelper.java:126)
	at org.hibernate.engine.jdbc.spi.SqlExceptionHelper.convert(SqlExceptionHelper.java:112)
	at org.hibernate.engine.jdbc.internal.ResultSetReturnImpl.executeUpdate(ResultSetReturnImpl.java:190)
	at org.hibernate.engine.jdbc.batch.internal.NonBatchingBatch.addToBatch(NonBatchingBatch.java:62)
	at org.hibernate.persister.entity.AbstractEntityPersister.insert(AbstractEntityPersister.java:3124)
	at org.hibernate.persister.entity.AbstractEntityPersister.insert(AbstractEntityPersister.java:3587)
	at org.hibernate.action.internal.EntityInsertAction.execute(EntityInsertAction.java:103)
	at org.hibernate.engine.spi.ActionQueue.executeActions(ActionQueue.java:453)
	at org.hibernate.engine.spi.ActionQueue.executeActions(ActionQueue.java:345)
	at org.hibernate.event.internal.AbstractFlushingEventListener.performExecutions(AbstractFlushingEventListener.java:350)
	at org.hibernate.event.internal.DefaultFlushEventListener.onFlush(DefaultFlushEventListener.java:56)
	at org.hibernate.internal.SessionImpl.flush(SessionImpl.java:1218)
	at org.hibernate.internal.SessionImpl.managedFlush(SessionImpl.java:421)
	at org.hibernate.engine.transaction.internal.jdbc.JdbcTransaction.beforeTransactionCommit(JdbcTransaction.java:101)
	at org.hibernate.engine.transaction.spi.AbstractTransactionImpl.commit(AbstractTransactionImpl.java:177)
	at org.hibernate.jpa.internal.TransactionImpl.commit(TransactionImpl.java:77)
	at org.springframework.orm.jpa.JpaTransactionManager.doCommit(JpaTransactionManager.java:515)
	... 43 more
Caused by: com.mysql.jdbc.exceptions.jdbc4.MySQLIntegrityConstraintViolationException: Duplicate entry &apos;davetest&apos; for key &apos;PRIMARY&apos;
	at sun.reflect.NativeConstructorAccessorImpl.newInstance0(Native Method)
	at sun.reflect.NativeConstructorAccessorImpl.newInstance(NativeConstructorAccessorImpl.java:57)
	at sun.reflect.DelegatingConstructorAccessorImpl.newInstance(DelegatingConstructorAccessorImpl.java:45)
	at java.lang.reflect.Constructor.newInstance(Constructor.java:526)
	at com.mysql.jdbc.Util.handleNewInstance(Util.java:411)
	at com.mysql.jdbc.Util.getInstance(Util.java:386)
	at com.mysql.jdbc.SQLError.createSQLException(SQLError.java:1041)
	at com.mysql.jdbc.MysqlIO.checkErrorPacket(MysqlIO.java:4190)
	at com.mysql.jdbc.MysqlIO.checkErrorPacket(MysqlIO.java:4122)
	at com.mysql.jdbc.MysqlIO.sendCommand(MysqlIO.java:2570)
	at com.mysql.jdbc.MysqlIO.sqlQueryDirect(MysqlIO.java:2731)
	at com.mysql.jdbc.ConnectionImpl.execSQL(ConnectionImpl.java:2818)
	at com.mysql.jdbc.PreparedStatement.executeInternal(PreparedStatement.java:2157)
	at com.mysql.jdbc.PreparedStatement.executeUpdate(PreparedStatement.java:2460)
	at com.mysql.jdbc.PreparedStatement.executeUpdate(PreparedStatement.java:2377)
	at com.mysql.jdbc.PreparedStatement.executeUpdate(PreparedStatement.java:2361)
	at org.hibernate.engine.jdbc.internal.ResultSetReturnImpl.executeUpdate(ResultSetReturnImpl.java:187)
	... 57 more
</error>
    <system-out>Starting testinsert
15:46:04,510 DEBUG [org.springframework.transaction.annotation.AnnotationTransactionAttributeSource]: 108 - Adding transactional method &apos;MenuServiceHendyRepository.insertMenu&apos; with attribute: PROPAGATION_REQUIRED,ISOLATION_DEFAULT; &apos;&apos;
15:46:04,530 TRACE [org.springframework.transaction.support.TransactionSynchronizationManager]: 193 - Bound value [org.springframework.jdbc.datasource.ConnectionHolder@b5aed85] for key [org.springframework.jdbc.datasource.DriverManagerDataSource@12f86513] to thread [main]
15:46:04,530 TRACE [org.springframework.transaction.support.TransactionSynchronizationManager]: 193 - Bound value [org.springframework.orm.jpa.EntityManagerHolder@29161b25] for key [org.springframework.orm.jpa.LocalContainerEntityManagerFactoryBean@58c932a8] to thread [main]
15:46:04,530 TRACE [org.springframework.transaction.support.TransactionSynchronizationManager]: 272 - Initializing transaction synchronization
15:46:04,530 TRACE [org.springframework.transaction.interceptor.TransactionInterceptor]: 447 - Getting transaction for [uk.me.hendy.service.menu.MenuServiceHendyRepository.insertMenu]
15:46:04,540 DEBUG [org.springframework.transaction.annotation.AnnotationTransactionAttributeSource]: 108 - Adding transactional method &apos;RepositoryApplicationHibernateMySql.createMenu&apos; with attribute: PROPAGATION_REQUIRED,ISOLATION_DEFAULT; &apos;&apos;
15:46:04,540 TRACE [org.springframework.transaction.support.TransactionSynchronizationManager]: 140 - Retrieved value [org.springframework.orm.jpa.EntityManagerHolder@29161b25] for key [org.springframework.orm.jpa.LocalContainerEntityManagerFactoryBean@58c932a8] bound to thread [main]
15:46:04,540 TRACE [org.springframework.transaction.support.TransactionSynchronizationManager]: 140 - Retrieved value [org.springframework.jdbc.datasource.ConnectionHolder@b5aed85] for key [org.springframework.jdbc.datasource.DriverManagerDataSource@12f86513] bound to thread [main]
15:46:04,540 TRACE [org.springframework.transaction.interceptor.TransactionInterceptor]: 447 - Getting transaction for [uk.me.hendy.repository.RepositoryApplicationHibernateMySql.createMenu]
15:46:04,540 DEBUG [org.springframework.transaction.annotation.AnnotationTransactionAttributeSource]: 108 - Adding transactional method &apos;MenuDaoJpa.create&apos; with attribute: PROPAGATION_MANDATORY,ISOLATION_DEFAULT; &apos;&apos;
15:46:04,540 TRACE [org.springframework.transaction.support.TransactionSynchronizationManager]: 140 - Retrieved value [org.springframework.orm.jpa.EntityManagerHolder@29161b25] for key [org.springframework.orm.jpa.LocalContainerEntityManagerFactoryBean@58c932a8] bound to thread [main]
15:46:04,540 TRACE [org.springframework.transaction.support.TransactionSynchronizationManager]: 140 - Retrieved value [org.springframework.jdbc.datasource.ConnectionHolder@b5aed85] for key [org.springframework.jdbc.datasource.DriverManagerDataSource@12f86513] bound to thread [main]
15:46:04,540 TRACE [org.springframework.transaction.interceptor.TransactionInterceptor]: 447 - Getting transaction for [uk.me.hendy.repository.dao.impl.MenuDaoJpa.create]
15:46:04,540 TRACE [org.springframework.transaction.support.TransactionSynchronizationManager]: 140 - Retrieved value [org.springframework.orm.jpa.EntityManagerHolder@29161b25] for key [org.springframework.orm.jpa.LocalContainerEntityManagerFactoryBean@58c932a8] bound to thread [main]
15:46:04,550 TRACE [org.springframework.transaction.interceptor.TransactionInterceptor]: 476 - Completing transaction for [uk.me.hendy.repository.dao.impl.MenuDaoJpa.create]
15:46:04,550 TRACE [org.springframework.transaction.interceptor.TransactionInterceptor]: 476 - Completing transaction for [uk.me.hendy.repository.RepositoryApplicationHibernateMySql.createMenu]
15:46:04,550 TRACE [org.springframework.transaction.interceptor.TransactionInterceptor]: 476 - Completing transaction for [uk.me.hendy.service.menu.MenuServiceHendyRepository.insertMenu]
Hibernate: insert into menu (description, link_url, name) values (?, ?, ?)
15:46:04,620  WARN [org.hibernate.engine.jdbc.spi.SqlExceptionHelper]: 144 - SQL Error: 1062, SQLState: 23000
15:46:04,620 ERROR [org.hibernate.engine.jdbc.spi.SqlExceptionHelper]: 146 - Duplicate entry &apos;davetest&apos; for key &apos;PRIMARY&apos;
15:46:04,620  INFO [org.hibernate.engine.jdbc.batch.internal.AbstractBatchImpl]: 208 - HHH000010: On release of batch it still contained JDBC statements
15:46:04,630 TRACE [org.springframework.transaction.support.TransactionSynchronizationManager]: 331 - Clearing transaction synchronization
15:46:04,630 TRACE [org.springframework.transaction.support.TransactionSynchronizationManager]: 243 - Removed value [org.springframework.orm.jpa.EntityManagerHolder@29161b25] for key [org.springframework.orm.jpa.LocalContainerEntityManagerFactoryBean@58c932a8] from thread [main]
15:46:04,630 TRACE [org.springframework.transaction.support.TransactionSynchronizationManager]: 243 - Removed value [org.springframework.jdbc.datasource.ConnectionHolder@b5aed85] for key [org.springframework.jdbc.datasource.DriverManagerDataSource@12f86513] from thread [main]
</system-out>
  </testcase>
</testsuite>